[0.007s] Invoking command in '/home/addienze/MagangBanyubramanta/Main/vision/build/vision': CMAKE_PREFIX_PATH=${CMAKE_PREFIX_PATH}:/opt/ros/humble /usr/bin/cmake --build /home/addienze/MagangBanyubramanta/Main/vision/build/vision -- -j12 -l12
[0.036s] [35m[1mConsolidate compiler generated dependencies of target videoup[0m
[0.047s] [ 50%] [32mBuilding CXX object CMakeFiles/videoup.dir/src/videoup.cpp.o[0m
[1.754s] [01m[K/home/addienze/MagangBanyubramanta/Main/vision/src/videoup.cpp:[m[K In constructor â€˜[01m[KImagePublisher::ImagePublisher()[m[Kâ€™:
[1.754s] [01m[K/home/addienze/MagangBanyubramanta/Main/vision/src/videoup.cpp:15:37:[m[K [01;31m[Kerror: [m[Kno match for call to â€˜[01m[K(cv::VideoCapture) (const char [62])[m[Kâ€™
[1.754s]    15 |         cv::VideoCapture cap(0); [01;31m[Kcap("/home/addienze/MagangBanyubramanta/Main/vision/src/second.mp4")[m[K;
[1.754s]       |                                  [01;31m[K~~~^~~~~~~~~~~~~~~~~~~~~~~~~~~~~~~~~~~~~~~~~~~~~~~~~~~~~~~~~~~~~~~~~[m[K
[1.769s] [01m[K/home/addienze/MagangBanyubramanta/Main/vision/src/videoup.cpp:[m[K In member function â€˜[01m[Kvoid ImagePublisher::timer_callback()[m[Kâ€™:
[1.769s] [01m[K/home/addienze/MagangBanyubramanta/Main/vision/src/videoup.cpp:52:34:[m[K [01;31m[Kerror: [m[Kâ€˜[01m[Kraw_image[m[Kâ€™ was not declared in this scope
[1.769s]    52 |         raw_image_pub_->publish(*[01;31m[Kraw_image[m[K.msg);
[1.769s]       |                                  [01;31m[K^~~~~~~~~[m[K
[1.775s] [01m[K/home/addienze/MagangBanyubramanta/Main/vision/src/videoup.cpp:55:37:[m[K [01;31m[Kerror: [m[Kâ€˜[01m[Kmasked_image[m[Kâ€™ was not declared in this scope; did you mean â€˜[01m[Kmasked_image_msg[m[Kâ€™?
[1.775s]    55 |         masked_image_pub_->publish(*[01;31m[Kmasked_image[m[K.msg);
[1.775s]       |                                     [01;31m[K^~~~~~~~~~~~[m[K
[1.775s]       |                                     [32m[Kmasked_image_msg[m[K
[2.694s] gmake[2]: *** [CMakeFiles/videoup.dir/build.make:76: CMakeFiles/videoup.dir/src/videoup.cpp.o] Error 1
[2.694s] gmake[1]: *** [CMakeFiles/Makefile2:137: CMakeFiles/videoup.dir/all] Error 2
[2.694s] gmake: *** [Makefile:146: all] Error 2
[2.696s] Invoked command in '/home/addienze/MagangBanyubramanta/Main/vision/build/vision' returned '2': CMAKE_PREFIX_PATH=${CMAKE_PREFIX_PATH}:/opt/ros/humble /usr/bin/cmake --build /home/addienze/MagangBanyubramanta/Main/vision/build/vision -- -j12 -l12
