[35m[1mConsolidate compiler generated dependencies of target Spacebar[0m
[ 50%] [32mBuilding CXX object CMakeFiles/Spacebar.dir/src/Spacebar.cpp.o[0m
[01m[K/home/addienze/MagangBanyubramanta/Main/cek/spacecheck/src/Spacebar.cpp:[m[K In function â€˜[01m[Kint main()[m[Kâ€™:
[01m[K/home/addienze/MagangBanyubramanta/Main/cek/spacecheck/src/Spacebar.cpp:82:14:[m[K [01;31m[Kerror: [m[Kâ€˜[01m[Kclass BT::Tree[m[Kâ€™ has no member named â€˜[01m[Kroot_node[m[Kâ€™; did you mean â€˜[01m[KrootNode[m[Kâ€™?
   82 |     if (tree.[01;31m[Kroot_node[m[K() == nullptr) { // Use rootNode() instead of rootNode
      |              [01;31m[K^~~~~~~~~[m[K
      |              [32m[KrootNode[m[K
gmake[2]: *** [CMakeFiles/Spacebar.dir/build.make:76: CMakeFiles/Spacebar.dir/src/Spacebar.cpp.o] Error 1
gmake[1]: *** [CMakeFiles/Makefile2:137: CMakeFiles/Spacebar.dir/all] Error 2
gmake: *** [Makefile:146: all] Error 2
