[0.007s] Invoking command in '/home/addienze/MagangBanyubramanta/Main/vision/build/vision': CMAKE_PREFIX_PATH=${CMAKE_PREFIX_PATH}:/opt/ros/humble /usr/bin/cmake --build /home/addienze/MagangBanyubramanta/Main/vision/build/vision -- -j12 -l12
[0.039s] [35m[1mConsolidate compiler generated dependencies of target videoup[0m
[0.052s] [ 50%] [32mBuilding CXX object CMakeFiles/videoup.dir/src/videoup.cpp.o[0m
[1.789s] [01m[K/home/addienze/MagangBanyubramanta/Main/vision/src/videoup.cpp:[m[K In constructor â€˜[01m[KImagePublisher::ImagePublisher()[m[Kâ€™:
[1.789s] [01m[K/home/addienze/MagangBanyubramanta/Main/vision/src/videoup.cpp:16:100:[m[K [01;31m[Kerror: [m[Kâ€˜[01m[Ktimer_callback[m[Kâ€™ is not a member of â€˜[01m[KImagePublisher[m[Kâ€™
[1.789s]    16 | r(std::chrono::milliseconds(33), std::bind(&ImagePublisher::[01;31m[Ktimer_callback[m[K, this));
[1.789s]       |                                                             [01;31m[K^~~~~~~~~~~~~~[m[K
[1.789s] 
[2.735s] gmake[2]: *** [CMakeFiles/videoup.dir/build.make:76: CMakeFiles/videoup.dir/src/videoup.cpp.o] Error 1
[2.735s] gmake[1]: *** [CMakeFiles/Makefile2:137: CMakeFiles/videoup.dir/all] Error 2
[2.735s] gmake: *** [Makefile:146: all] Error 2
[2.737s] Invoked command in '/home/addienze/MagangBanyubramanta/Main/vision/build/vision' returned '2': CMAKE_PREFIX_PATH=${CMAKE_PREFIX_PATH}:/opt/ros/humble /usr/bin/cmake --build /home/addienze/MagangBanyubramanta/Main/vision/build/vision -- -j12 -l12
