[35m[1mConsolidate compiler generated dependencies of target Spacebar[0m
[ 50%] [32mBuilding CXX object CMakeFiles/Spacebar.dir/src/Spacebar.cpp.o[0m
[01m[K/home/addienze/MagangBanyubramanta/Main/cek/spacecheck/src/Spacebar.cpp:[m[K In function â€˜[01m[Kint main()[m[Kâ€™:
[01m[K/home/addienze/MagangBanyubramanta/Main/cek/spacecheck/src/Spacebar.cpp:74:27:[m[K [01;31m[Kerror: [m[Kvariable â€˜[01m[Kstd::ifstream xml_file[m[Kâ€™ has initializer but incomplete type
   74 |     std::ifstream xml_file[01;31m[K([m[K"/home/addienze/MagangBanyubramanta/Main/cek/spacecheck/behavior_trees/spacecheck.xml");
      |                           [01;31m[K^[m[K
gmake[2]: *** [CMakeFiles/Spacebar.dir/build.make:76: CMakeFiles/Spacebar.dir/src/Spacebar.cpp.o] Error 1
gmake[1]: *** [CMakeFiles/Makefile2:137: CMakeFiles/Spacebar.dir/all] Error 2
gmake: *** [Makefile:146: all] Error 2
