[35m[1mConsolidate compiler generated dependencies of target joy_input[0m
[35m[1mConsolidate compiler generated dependencies of target joy_output[0m
[ 25%] [32mBuilding CXX object CMakeFiles/joy_input.dir/src/joy_input.cpp.o[0m
[ 75%] Built target joy_output
[01m[K/home/addienze/MagangBanyubramanta/joystick/control/src/joy_input.cpp:[m[K In member function â€˜[01m[Kvoid JoystickInput::joy(sensor_msgs::msg::Joy_<std::allocator<void> >::SharedPtr)[m[Kâ€™:
[01m[K/home/addienze/MagangBanyubramanta/joystick/control/src/joy_input.cpp:35:9:[m[K [01;31m[Kerror: [m[Kâ€˜[01m[Ktwsit_msg[m[Kâ€™ was not declared in this scope; did you mean â€˜[01m[Ktwist_msg[m[Kâ€™?
   35 |         [01;31m[Ktwsit_msg[m[K.linear.y = y_cmd;
      |         [01;31m[K^~~~~~~~~[m[K
      |         [32m[Ktwist_msg[m[K
gmake[2]: *** [CMakeFiles/joy_input.dir/build.make:76: CMakeFiles/joy_input.dir/src/joy_input.cpp.o] Error 1
gmake[1]: *** [CMakeFiles/Makefile2:139: CMakeFiles/joy_input.dir/all] Error 2
gmake: *** [Makefile:146: all] Error 2
