[0.010s] Invoking command in '/home/addienze/MagangBanyubramanta/Main/cek/spacecheck/build/spacecheck': CMAKE_PREFIX_PATH=${CMAKE_PREFIX_PATH}:/opt/ros/humble /usr/bin/cmake --build /home/addienze/MagangBanyubramanta/Main/cek/spacecheck/build/spacecheck -- -j12 -l12
[0.056s] [ 50%] [32mBuilding CXX object CMakeFiles/Spacebar.dir/src/Spacebar.cpp.o[0m
[0.572s] [01m[K/home/addienze/MagangBanyubramanta/Main/cek/spacecheck/src/Spacebar.cpp:[m[K In function â€˜[01m[Kint main()[m[Kâ€™:
[0.572s] [01m[K/home/addienze/MagangBanyubramanta/Main/cek/spacecheck/src/Spacebar.cpp:67:27:[m[K [01;31m[Kerror: [m[Kvariable â€˜[01m[Kstd::ifstream xml_file[m[Kâ€™ has initializer but incomplete type
[0.572s]    67 |     std::ifstream xml_file[01;31m[K([m[K"behavior_trees/spacecheck_tree.xml");
[0.572s]       |                           [01;31m[K^[m[K
[0.751s] gmake[2]: *** [CMakeFiles/Spacebar.dir/build.make:76: CMakeFiles/Spacebar.dir/src/Spacebar.cpp.o] Error 1
[0.751s] gmake[1]: *** [CMakeFiles/Makefile2:137: CMakeFiles/Spacebar.dir/all] Error 2
[0.751s] gmake: *** [Makefile:146: all] Error 2
[0.753s] Invoked command in '/home/addienze/MagangBanyubramanta/Main/cek/spacecheck/build/spacecheck' returned '2': CMAKE_PREFIX_PATH=${CMAKE_PREFIX_PATH}:/opt/ros/humble /usr/bin/cmake --build /home/addienze/MagangBanyubramanta/Main/cek/spacecheck/build/spacecheck -- -j12 -l12
