[0.009s] Invoking command in '/home/addienze/MagangBanyubramanta/Main/cek/spacecheck/build/spacecheck': CMAKE_PREFIX_PATH=${CMAKE_PREFIX_PATH}:/opt/ros/humble /usr/bin/cmake --build /home/addienze/MagangBanyubramanta/Main/cek/spacecheck/build/spacecheck -- -j12 -l12
[0.045s] [35m[1mConsolidate compiler generated dependencies of target Spacebar[0m
[0.059s] [ 50%] [32mBuilding CXX object CMakeFiles/Spacebar.dir/src/Spacebar.cpp.o[0m
[0.589s] [01m[K/home/addienze/MagangBanyubramanta/Main/cek/spacecheck/src/Spacebar.cpp:[m[K In function â€˜[01m[Kint main()[m[Kâ€™:
[0.589s] [01m[K/home/addienze/MagangBanyubramanta/Main/cek/spacecheck/src/Spacebar.cpp:82:14:[m[K [01;31m[Kerror: [m[Kinvalid use of member function â€˜[01m[KBT::TreeNode* BT::Tree::rootNode() const[m[Kâ€™ (did you forget the â€˜[01m[K()[m[Kâ€™ ?)
[0.590s]    82 |     if ([01;31m[Ktree.rootNode[m[K == nullptr) { // Assuming root_node is a member that indicates tree validity
[0.590s]       |         [01;31m[K~~~~~^~~~~~~~[m[K
[0.590s]       |                      [32m[K()[m[K
[0.762s] gmake[2]: *** [CMakeFiles/Spacebar.dir/build.make:76: CMakeFiles/Spacebar.dir/src/Spacebar.cpp.o] Error 1
[0.762s] gmake[1]: *** [CMakeFiles/Makefile2:137: CMakeFiles/Spacebar.dir/all] Error 2
[0.762s] gmake: *** [Makefile:146: all] Error 2
[0.765s] Invoked command in '/home/addienze/MagangBanyubramanta/Main/cek/spacecheck/build/spacecheck' returned '2': CMAKE_PREFIX_PATH=${CMAKE_PREFIX_PATH}:/opt/ros/humble /usr/bin/cmake --build /home/addienze/MagangBanyubramanta/Main/cek/spacecheck/build/spacecheck -- -j12 -l12
