[35m[1mConsolidate compiler generated dependencies of target videoup[0m
[ 50%] [32mBuilding CXX object CMakeFiles/videoup.dir/src/videoup.cpp.o[0m
[01m[K/home/addienze/MagangBanyubramanta/Main/vision/src/videoup.cpp:[m[K In constructor â€˜[01m[KImagePublisher::ImagePublisher()[m[Kâ€™:
[01m[K/home/addienze/MagangBanyubramanta/Main/vision/src/videoup.cpp:15:37:[m[K [01;31m[Kerror: [m[Kno match for call to â€˜[01m[K(cv::VideoCapture) (const char [62])[m[Kâ€™
   15 |         cv::VideoCapture cap(0); [01;31m[Kcap("/home/addienze/MagangBanyubramanta/Main/vision/src/second.mp4")[m[K;
      |                                  [01;31m[K~~~^~~~~~~~~~~~~~~~~~~~~~~~~~~~~~~~~~~~~~~~~~~~~~~~~~~~~~~~~~~~~~~~~[m[K
[01m[K/home/addienze/MagangBanyubramanta/Main/vision/src/videoup.cpp:[m[K In member function â€˜[01m[Kvoid ImagePublisher::timer_callback()[m[Kâ€™:
[01m[K/home/addienze/MagangBanyubramanta/Main/vision/src/videoup.cpp:52:34:[m[K [01;31m[Kerror: [m[Kâ€˜[01m[Kraw_image[m[Kâ€™ was not declared in this scope
   52 |         raw_image_pub_->publish(*[01;31m[Kraw_image[m[K);
      |                                  [01;31m[K^~~~~~~~~[m[K
[01m[K/home/addienze/MagangBanyubramanta/Main/vision/src/videoup.cpp:55:37:[m[K [01;31m[Kerror: [m[Kâ€˜[01m[Kmasked_image[m[Kâ€™ was not declared in this scope; did you mean â€˜[01m[Kmasked_image_msg[m[Kâ€™?
   55 |         masked_image_pub_->publish(*[01;31m[Kmasked_image[m[K);
      |                                     [01;31m[K^~~~~~~~~~~~[m[K
      |                                     [32m[Kmasked_image_msg[m[K
gmake[2]: *** [CMakeFiles/videoup.dir/build.make:76: CMakeFiles/videoup.dir/src/videoup.cpp.o] Error 1
gmake[1]: *** [CMakeFiles/Makefile2:137: CMakeFiles/videoup.dir/all] Error 2
gmake: *** [Makefile:146: all] Error 2
