[01m[K/home/addienze/MagangBanyubramanta/Main/cek/spacecheck/src/Spacebar.cpp:[m[K In function â€˜[01m[Kint main()[m[Kâ€™:
[01m[K/home/addienze/MagangBanyubramanta/Main/cek/spacecheck/src/Spacebar.cpp:78:5:[m[K [01;31m[Kerror: [m[Kâ€˜[01m[Ktd[m[Kâ€™ has not been declared
   78 |     [01;31m[Ktd[m[K::this_thread::sleep_for(std::chrono::seconds(2)); // Jeda 3 detik untuk menunggu input
      |     [01;31m[K^~[m[K
gmake[2]: *** [CMakeFiles/Spacebar.dir/build.make:76: CMakeFiles/Spacebar.dir/src/Spacebar.cpp.o] Error 1
gmake[1]: *** [CMakeFiles/Makefile2:137: CMakeFiles/Spacebar.dir/all] Error 2
gmake: *** [Makefile:146: all] Error 2
