[01m[K/home/addienze/MagangBanyubramanta/Main/cek/spacecheck/src/Spacebar.cpp:[m[K In function â€˜[01m[Kint main()[m[Kâ€™:
[01m[K/home/addienze/MagangBanyubramanta/Main/cek/spacecheck/src/Spacebar.cpp:81:5:[m[K [01;31m[Kerror: [m[Kâ€˜[01m[Ktree[m[Kâ€™ was not declared in this scope; did you mean â€˜[01m[Ktee[m[Kâ€™?
   81 |     [01;31m[Ktree[m[K.tickRoot();
      |     [01;31m[K^~~~[m[K
      |     [32m[Ktee[m[K
gmake[2]: *** [CMakeFiles/Spacebar.dir/build.make:76: CMakeFiles/Spacebar.dir/src/Spacebar.cpp.o] Error 1
gmake[1]: *** [CMakeFiles/Makefile2:137: CMakeFiles/Spacebar.dir/all] Error 2
gmake: *** [Makefile:146: all] Error 2
