In file included from [01m[K/opt/ros/humble/include/rclcpp/rclcpp/logging.hpp:24[m[K,
                 from [01m[K/opt/ros/humble/include/rclcpp/rclcpp/client.hpp:40[m[K,
                 from [01m[K/opt/ros/humble/include/rclcpp/rclcpp/callback_group.hpp:24[m[K,
                 from [01m[K/opt/ros/humble/include/rclcpp/rclcpp/any_executable.hpp:20[m[K,
                 from [01m[K/opt/ros/humble/include/rclcpp/rclcpp/memory_strategy.hpp:25[m[K,
                 from [01m[K/opt/ros/humble/include/rclcpp/rclcpp/memory_strategies.hpp:18[m[K,
                 from [01m[K/opt/ros/humble/include/rclcpp/rclcpp/executor_options.hpp:20[m[K,
                 from [01m[K/opt/ros/humble/include/rclcpp/rclcpp/executor.hpp:37[m[K,
                 from [01m[K/opt/ros/humble/include/rclcpp/rclcpp/executors/multi_threaded_executor.hpp:25[m[K,
                 from [01m[K/opt/ros/humble/include/rclcpp/rclcpp/executors.hpp:21[m[K,
                 from [01m[K/opt/ros/humble/include/rclcpp/rclcpp/rclcpp.hpp:155[m[K,
                 from [01m[K/home/addienze/MagangBanyubramanta/joystick/control/src/joy_output.cpp:1[m[K:
[01m[K/home/addienze/MagangBanyubramanta/joystick/control/src/joy_output.cpp:[m[K In member function â€˜[01m[Kvoid JoystickOutput::cmd_vel_callback(geometry_msgs::msg::Twist_<std::allocator<void> >::SharedPtr)[m[Kâ€™:
[01m[K/home/addienze/MagangBanyubramanta/joystick/control/src/joy_output.cpp:14:26:[m[K [01;31m[Kerror: [m[Kâ€˜[01m[Kusing element_type = struct geometry_msgs::msg::Twist_<std::allocator<void> >[m[Kâ€™ {aka â€˜[01m[Kstruct geometry_msgs::msg::Twist_<std::allocator<void> >[m[Kâ€™} has no member named â€˜[01m[Kx[m[Kâ€™
   14 |                     msg->[01;31m[Kx[m[K, msg->y, msg->yaw, msg->depth);
      |                          [01;31m[K^[m[K
[01m[K/home/addienze/MagangBanyubramanta/joystick/control/src/joy_output.cpp:14:34:[m[K [01;31m[Kerror: [m[Kâ€˜[01m[Kusing element_type = struct geometry_msgs::msg::Twist_<std::allocator<void> >[m[Kâ€™ {aka â€˜[01m[Kstruct geometry_msgs::msg::Twist_<std::allocator<void> >[m[Kâ€™} has no member named â€˜[01m[Ky[m[Kâ€™
   14 |                     msg->x, msg->[01;31m[Ky[m[K, msg->yaw, msg->depth);
      |                                  [01;31m[K^[m[K
[01m[K/home/addienze/MagangBanyubramanta/joystick/control/src/joy_output.cpp:14:42:[m[K [01;31m[Kerror: [m[Kâ€˜[01m[Kusing element_type = struct geometry_msgs::msg::Twist_<std::allocator<void> >[m[Kâ€™ {aka â€˜[01m[Kstruct geometry_msgs::msg::Twist_<std::allocator<void> >[m[Kâ€™} has no member named â€˜[01m[Kyaw[m[Kâ€™
   14 |                     msg->x, msg->y, msg->[01;31m[Kyaw[m[K, msg->depth);
      |                                          [01;31m[K^~~[m[K
[01m[K/home/addienze/MagangBanyubramanta/joystick/control/src/joy_output.cpp:14:52:[m[K [01;31m[Kerror: [m[Kâ€˜[01m[Kusing element_type = struct geometry_msgs::msg::Twist_<std::allocator<void> >[m[Kâ€™ {aka â€˜[01m[Kstruct geometry_msgs::msg::Twist_<std::allocator<void> >[m[Kâ€™} has no member named â€˜[01m[Kdepth[m[Kâ€™
   14 |                     msg->x, msg->y, msg->yaw, msg->[01;31m[Kdepth[m[K);
      |                                                    [01;31m[K^~~~~[m[K
[01m[K/home/addienze/MagangBanyubramanta/joystick/control/src/joy_input.cpp:[m[K In member function â€˜[01m[Kvoid JoystickInput::joy(sensor_msgs::msg::Joy_<std::allocator<void> >::SharedPtr)[m[Kâ€™:
[01m[K/home/addienze/MagangBanyubramanta/joystick/control/src/joy_input.cpp:35:9:[m[K [01;31m[Kerror: [m[Kâ€˜[01m[Ktwsit_msg[m[Kâ€™ was not declared in this scope; did you mean â€˜[01m[Ktwist_msg[m[Kâ€™?
   35 |         [01;31m[Ktwsit_msg[m[K.linear.y = y_cmd;
      |         [01;31m[K^~~~~~~~~[m[K
      |         [32m[Ktwist_msg[m[K
gmake[2]: *** [CMakeFiles/joy_output.dir/build.make:76: CMakeFiles/joy_output.dir/src/joy_output.cpp.o] Error 1
gmake[1]: *** [CMakeFiles/Makefile2:165: CMakeFiles/joy_output.dir/all] Error 2
gmake[1]: *** Waiting for unfinished jobs....
gmake[2]: *** [CMakeFiles/joy_input.dir/build.make:76: CMakeFiles/joy_input.dir/src/joy_input.cpp.o] Error 1
gmake[1]: *** [CMakeFiles/Makefile2:139: CMakeFiles/joy_input.dir/all] Error 2
gmake: *** [Makefile:146: all] Error 2
