[0.009s] Invoking command in '/home/addienze/MagangBanyubramanta/joystick/control/build/control': CMAKE_PREFIX_PATH=${CMAKE_PREFIX_PATH}:/opt/ros/humble /usr/bin/cmake --build /home/addienze/MagangBanyubramanta/joystick/control/build/control -- -j12 -l12
[0.052s] -- Found ament_cmake: 1.3.10 (/opt/ros/humble/share/ament_cmake/cmake)
[0.152s] -- Found rclcpp: 16.0.10 (/opt/ros/humble/share/rclcpp/cmake)
[0.174s] -- Found rosidl_generator_c: 3.1.5 (/opt/ros/humble/share/rosidl_generator_c/cmake)
[0.177s] -- Found rosidl_adapter: 3.1.5 (/opt/ros/humble/share/rosidl_adapter/cmake)
[0.181s] -- Found rosidl_generator_cpp: 3.1.5 (/opt/ros/humble/share/rosidl_generator_cpp/cmake)
[0.188s] -- Using all available rosidl_typesupport_c: rosidl_typesupport_fastrtps_c;rosidl_typesupport_introspection_c
[0.197s] -- Using all available rosidl_typesupport_cpp: rosidl_typesupport_fastrtps_cpp;rosidl_typesupport_introspection_cpp
[0.221s] -- Found rmw_implementation_cmake: 6.1.2 (/opt/ros/humble/share/rmw_implementation_cmake/cmake)
[0.223s] -- Found rmw_fastrtps_cpp: 6.2.7 (/opt/ros/humble/share/rmw_fastrtps_cpp/cmake)
[0.286s] -- Using RMW implementation 'rmw_fastrtps_cpp' as default
[0.326s] -- Found geometry_msgs: 4.2.4 (/opt/ros/humble/share/geometry_msgs/cmake)
[0.335s] -- Found sensor_msgs: 4.2.4 (/opt/ros/humble/share/sensor_msgs/cmake)
[0.348s] -- Found ament_lint_auto: 0.12.11 (/opt/ros/humble/share/ament_lint_auto/cmake)
[0.403s] -- Added test 'cppcheck' to perform static code analysis on C / C++ code
[0.403s] -- Configured cppcheck include dirs: 
[0.403s] -- Configured cppcheck exclude dirs and/or files: 
[0.404s] -- Added test 'flake8' to check Python code syntax and style conventions
[0.405s] -- Added test 'lint_cmake' to check CMake code style
[0.406s] -- Added test 'pep257' to check Python code against some of the docstring style conventions in PEP 257
[0.410s] -- Added test 'uncrustify' to check C / C++ code style
[0.410s] -- Configured uncrustify additional arguments: 
[0.411s] -- Added test 'xmllint' to check XML markup files
[0.412s] -- Configuring done
[0.424s] -- Generating done
[0.425s] -- Build files have been written to: /home/addienze/MagangBanyubramanta/joystick/control/build/control
[0.445s] [35m[1mConsolidate compiler generated dependencies of target joy_output[0m
[0.445s] [35m[1mConsolidate compiler generated dependencies of target joy_input[0m
[0.468s] [ 50%] [32mBuilding CXX object CMakeFiles/joy_input.dir/src/joy_input.cpp.o[0m
[0.468s] [ 50%] [32mBuilding CXX object CMakeFiles/joy_output.dir/src/joy_output.cpp.o[0m
[1.962s] [01m[K/home/addienze/MagangBanyubramanta/joystick/control/src/joy_output.cpp:7:5:[m[K [01;31m[Kerror: [m[KISO C++ forbids declaration of â€˜[01m[KOutput[m[Kâ€™ with no type [[01;31m[K]8;;https://gcc.gnu.org/onlinedocs/gcc/Warning-Options.html#index-fpermissive-fpermissive]8;;[m[K]
[1.962s]     7 |     [01;31m[KOutput[m[K() : Node("joy_output") {
[1.962s]       |     [01;31m[K^~~~~~[m[K
[2.007s] [01m[K/home/addienze/MagangBanyubramanta/joystick/control/src/joy_output.cpp:[m[K In member function â€˜[01m[Kint OutputPublisher::Output()[m[Kâ€™:
[2.007s] [01m[K/home/addienze/MagangBanyubramanta/joystick/control/src/joy_output.cpp:7:16:[m[K [01;31m[Kerror: [m[Konly constructors take member initializers
[2.007s]     7 |     Output() : [01;31m[KNode[m[K("joy_output") {
[2.007s]       |                [01;31m[K^~~~[m[K
[2.013s] [01m[K/home/addienze/MagangBanyubramanta/joystick/control/src/joy_output.cpp:13:5:[m[K [01;35m[Kwarning: [m[Kno return statement in function returning non-void [[01;35m[K]8;;https://gcc.gnu.org/onlinedocs/gcc/Warning-Options.html#index-Wreturn-type-Wreturn-type]8;;[m[K]
[2.013s]    13 |     [01;35m[K}[m[K
[2.013s]       |     [01;35m[K^[m[K
[2.018s] [01m[K/home/addienze/MagangBanyubramanta/joystick/control/src/joy_output.cpp:[m[K In function â€˜[01m[Kint main(int, char**)[m[Kâ€™:
[2.019s] [01m[K/home/addienze/MagangBanyubramanta/joystick/control/src/joy_output.cpp:31:35:[m[K [01;31m[Kerror: [m[Kâ€˜[01m[KOutput[m[Kâ€™ was not declared in this scope
[2.019s]    31 |     rclcpp::spin(std::make_shared<[01;31m[KOutput[m[K>());
[2.019s]       |                                   [01;31m[K^~~~~~[m[K
[2.019s] [01m[K/home/addienze/MagangBanyubramanta/joystick/control/src/joy_output.cpp:31:42:[m[K [01;31m[Kerror: [m[Kno matching function for call to â€˜[01m[Kmake_shared<<expression error> >()[m[Kâ€™
[2.019s]    31 |     rclcpp::spin([01;31m[Kstd::make_shared<Output>()[m[K);
[2.019s]       |                  [01;31m[K~~~~~~~~~~~~~~~~~~~~~~~~^~[m[K
[2.019s] In file included from [01m[K/usr/include/c++/11/memory:77[m[K,
[2.019s]                  from [01m[K/opt/ros/humble/include/rclcpp/rclcpp/rclcpp.hpp:153[m[K,
[2.019s]                  from [01m[K/home/addienze/MagangBanyubramanta/joystick/control/src/joy_output.cpp:1[m[K:
[2.019s] [01m[K/usr/include/c++/11/bits/shared_ptr.h:875:5:[m[K [01;36m[Knote: [m[Kcandidate: â€˜[01m[Ktemplate<class _Tp, class ... _Args> std::shared_ptr<_Tp> std::make_shared(_Args&& ...)[m[Kâ€™
[2.019s]   875 |     [01;36m[Kmake_shared[m[K(_Args&&... __args)
[2.019s]       |     [01;36m[K^~~~~~~~~~~[m[K
[2.019s] [01m[K/usr/include/c++/11/bits/shared_ptr.h:875:5:[m[K [01;36m[Knote: [m[K  template argument deduction/substitution failed:
[2.019s] [01m[K/home/addienze/MagangBanyubramanta/joystick/control/src/joy_output.cpp:31:42:[m[K [01;31m[Kerror: [m[Ktemplate argument 1 is invalid
[2.019s]    31 |     rclcpp::spin([01;31m[Kstd::make_shared<Output>()[m[K);
[2.019s]       |                  [01;31m[K~~~~~~~~~~~~~~~~~~~~~~~~^~[m[K
[3.800s] gmake[2]: *** [CMakeFiles/joy_output.dir/build.make:76: CMakeFiles/joy_output.dir/src/joy_output.cpp.o] Error 1
[3.800s] gmake[1]: *** [CMakeFiles/Makefile2:165: CMakeFiles/joy_output.dir/all] Error 2
[3.800s] gmake[1]: *** Waiting for unfinished jobs....
[5.854s] [ 75%] [32m[1mLinking CXX executable joy_input[0m
[6.152s] [ 75%] Built target joy_input
[6.153s] gmake: *** [Makefile:146: all] Error 2
[6.155s] Invoked command in '/home/addienze/MagangBanyubramanta/joystick/control/build/control' returned '2': CMAKE_PREFIX_PATH=${CMAKE_PREFIX_PATH}:/opt/ros/humble /usr/bin/cmake --build /home/addienze/MagangBanyubramanta/joystick/control/build/control -- -j12 -l12
