[35m[1mConsolidate compiler generated dependencies of target Spacebar[0m
[ 50%] [32mBuilding CXX object CMakeFiles/Spacebar.dir/src/Spacebar.cpp.o[0m
[01m[K/home/addienze/MagangBanyubramanta/Main/cek/spacecheck/src/Spacebar.cpp:[m[K In function â€˜[01m[Kint main()[m[Kâ€™:
[01m[K/home/addienze/MagangBanyubramanta/Main/cek/spacecheck/src/Spacebar.cpp:72:79:[m[K [01;31m[Kerror: [m[Kexpected primary-expression before â€˜[01m[K)[m[Kâ€™ token
   72 | y.registerSimpleAction("CheckSpacebarPress", std::bind(CheckKeyPress[01;31m[K)[m[K);
      |                                                                     [01;31m[K^[m[K

[01m[K/home/addienze/MagangBanyubramanta/Main/cek/spacecheck/src/Spacebar.cpp:73:76:[m[K [01;31m[Kerror: [m[Kexpected primary-expression before â€˜[01m[K)[m[Kâ€™ token
   73 | tory.registerSimpleAction("OutputKeyPress", std::bind(OutputKeyPress[01;31m[K)[m[K);
      |                                                                     [01;31m[K^[m[K

gmake[2]: *** [CMakeFiles/Spacebar.dir/build.make:76: CMakeFiles/Spacebar.dir/src/Spacebar.cpp.o] Error 1
gmake[1]: *** [CMakeFiles/Makefile2:137: CMakeFiles/Spacebar.dir/all] Error 2
gmake: *** [Makefile:146: all] Error 2
